{"timestamp": "2026-06-22T19:28:24.602283", "action": "ingestion_error", "row": {"date": "2026-01-09", "raw_description": "SLACK TECHNOLOGIES", "amount": "N/A", "currency": "CHF"}, "error": "could not convert string to float: 'N/A'"}
{"timestamp": "2026-06-22T19:31:17.188363", "action": "Cancel duplicate subscription", "draft_id": "draft_exact_dup_AWS_312.4", "flag_id": "exact_dup_AWS_312.4", "savings": 624.8}
{"timestamp": "2026-06-22T19:31:58.435860", "action": "Cancel duplicate subscription", "draft_id": "draft_exact_dup_AWS_312.4", "flag_id": "exact_dup_AWS_312.4", "savings": 624.8}
{"timestamp": "2026-06-23T10:32:31.080500", "action": "ingestion_error", "row": {"date": "2026-01-09", "raw_description": "SLACK TECHNOLOGIES", "amount": "N/A", "currency": "CHF"}, "error": "could not convert string to float: 'N/A'"}
{"timestamp": "2026-06-23T12:38:11.366220", "action": "ingestion_error", "row": {"date": "2026-01-09", "raw_description": "SLACK TECHNOLOGIES", "amount": "N/A", "currency": "CHF"}, "error": "could not convert string to float: 'N/A'"}
{"timestamp": "2026-06-23T12:42:12.156269", "action": "ingestion_error", "row": {"date": "2026-01-09", "raw_description": "SLACK TECHNOLOGIES", "amount": "N/A", "currency": "CHF"}, "error": "could not convert string to float: 'N/A'"}
{"timestamp": "2026-06-23T12:46:27.779799", "action": "ingestion_error", "row": {"date": "2026-01-09", "raw_description": "SLACK TECHNOLOGIES", "amount": "N/A", "currency": "CHF"}, "error": "could not convert string to float: 'N/A'"}
{"timestamp": "2026-06-23T12:52:37.240353", "action": "ingestion_error", "row": {"date": "2026-01-09", "raw_description": "SLACK TECHNOLOGIES", "amount": "N/A", "currency": "CHF"}, "error": "could not convert string to float: 'N/A'"}
{"timestamp": "2026-06-23T14:37:11.344048", "action": "ingestion_error", "row": {"date": "2026-01-09", "raw_description": "SLACK TECHNOLOGIES", "amount": "N/A", "currency": "CHF"}, "error": "could not convert string to float: 'N/A'"}
{"timestamp": "2026-06-23T14:38:02.476244", "action": "Cancel duplicate subscription", "draft_id": "draft_exact_dup_AWS_312.4", "flag_id": "exact_dup_AWS_312.4", "savings": 624.8}
{"timestamp": "2026-06-23T14:48:14.411454", "action": "Investigate further", "draft_id": "draft_cat_overlap_Design", "flag_id": "cat_overlap_Design", "savings": 104.99000000000001}
{"timestamp": "2026-06-23T14:56:52.032731", "action": "Cancel duplicate subscription", "draft_id": "draft_exact_dup_AWS_312.4", "flag_id": "exact_dup_AWS_312.4", "savings": 624.8}
{"timestamp": "2026-06-23T14:57:17.685846", "action": "ingestion_error", "row": {"date": "2026-01-09", "raw_description": "SLACK TECHNOLOGIES", "amount": "N/A", "currency": "CHF"}, "error": "could not convert string to float: 'N/A'"}
{"timestamp": "2026-06-23T15:01:01.784341", "action": "ingestion_error", "row": {"date": "2026-01-09", "raw_description": "SLACK TECHNOLOGIES", "amount": "N/A", "currency": "CHF"}, "error": "could not convert string to float: 'N/A'"}
{"timestamp": "2026-06-23T15:02:13.564802", "action": "Investigate further", "draft_id": "draft_cat_overlap_Project Management", "flag_id": "cat_overlap_Project Management", "savings": 94.99}
{"timestamp": "2026-06-23T15:08:49.202424", "action": "ingestion_error", "row": {"date": "2026-01-09", "raw_description": "SLACK TECHNOLOGIES", "amount": "N/A", "currency": "CHF"}, "error": "could not convert string to float: 'N/A'"}
{"timestamp": "2026-06-23T15:09:19.873982", "action": "ingestion_error", "row": {"date": "2026-01-09", "raw_description": "SLACK TECHNOLOGIES", "amount": "N/A", "currency": "CHF"}, "error": "could not convert string to float: 'N/A'"}
{"timestamp": "2026-06-23T15:10:03.430776", "action": "ingestion_error", "row": {"date": "2026-01-09", "raw_description": "SLACK TECHNOLOGIES", "amount": "N/A", "currency": "CHF"}, "error": "could not convert string to float: 'N/A'"}
{"timestamp": "2026-06-23T15:13:46.259818", "action": "ingestion_error", "row": {"date": "2026-01-09", "raw_description": "SLACK TECHNOLOGIES", "amount": "N/A", "currency": "CHF"}, "error": "could not convert string to float: 'N/A'"}
{"timestamp": "2026-06-23T15:35:37.381710", "action": "ingestion_error", "row": {"date": "2026-01-09", "raw_description": "SLACK TECHNOLOGIES", "amount": "N/A", "currency": "CHF"}, "error": "could not convert string to float: 'N/A'"}
{"timestamp": "2026-06-23T15:44:39.032347", "action": "ingestion_error", "row": {"date": "2026-01-09", "raw_description": "SLACK TECHNOLOGIES", "amount": "N/A", "currency": "CHF"}, "error": "could not convert string to float: 'N/A'"}
{"timestamp": "2026-06-23T15:46:51.103164", "action": "ingestion_error", "row": {"date": "2026-01-09", "raw_description": "SLACK TECHNOLOGIES", "amount": "N/A", "currency": "CHF"}, "error": "could not convert string to float: 'N/A'"}
{"timestamp": "2026-06-23T15:50:06.335368", "action": "ingestion_error", "row": {"date": "2026-01-09", "raw_description": "SLACK TECHNOLOGIES", "amount": "N/A", "currency": "CHF"}, "error": "could not convert string to float: 'N/A'"}
{"timestamp": "2026-06-23T15:52:17.390759", "action": "ingestion_error", "row": {"date": "2026-01-09", "raw_description": "SLACK TECHNOLOGIES", "amount": "N/A", "currency": "CHF"}, "error": "could not convert string to float: 'N/A'"}
{"timestamp": "2026-06-23T15:52:48.165234", "action": "ingestion_error", "row": {"date": "2026-01-09", "raw_description": "SLACK TECHNOLOGIES", "amount": "N/A", "currency": "CHF"}, "error": "could not convert string to float: 'N/A'"}
{"timestamp": "2026-06-23T16:15:08.781461", "action": "ingestion_error", "row": {"date": "2026-01-09", "raw_description": "SLACK TECHNOLOGIES", "amount": "N/A", "currency": "CHF"}, "error": "could not convert string to float: 'N/A'"}
{"timestamp": "2026-06-23T17:54:12.924882", "action": "ingestion_error", "row": {"date": "2026-01-09", "raw_description": "SLACK TECHNOLOGIES", "amount": "N/A", "currency": "CHF"}, "error": "could not convert string to float: 'N/A'"}
{"timestamp": "2026-06-23T18:09:45.522948", "action": "ingestion_error", "row": {"date": "2026-01-09", "raw_description": "SLACK TECHNOLOGIES", "amount": "N/A", "currency": "CHF"}, "error": "could not convert string to float: 'N/A'"}
{"timestamp": "2026-06-23T18:12:13.849747", "action": "ingestion_error", "row": {"date": "2026-01-09", "raw_description": "SLACK TECHNOLOGIES", "amount": "N/A", "currency": "CHF"}, "error": "could not convert string to float: 'N/A'"}
{"timestamp": "2026-06-24T09:45:19.828642", "action": "ingestion_error", "row": {"date": "2026-01-09", "raw_description": "SLACK TECHNOLOGIES", "amount": "N/A", "currency": "CHF"}, "error": "could not convert string to float: 'N/A'"}
{"timestamp": "2026-06-24T09:50:38.852480", "action": "Cancel duplicate subscription", "draft_id": "draft_exact_dup_AWS_312.4", "flag_id": "exact_dup_AWS_312.4", "savings": 624.8}
{"timestamp": "2026-06-24T09:56:52.289166", "action": "ingestion_error", "row": {"date": "2026-01-09", "raw_description": "SLACK TECHNOLOGIES", "amount": "N/A", "currency": "CHF"}, "error": "could not convert string to float: 'N/A'"}
{"timestamp": "2026-06-24T09:56:52.293592", "action": "ingestion_error", "row": {"date": "2026-06-23", "raw_description": "SLACK TECHNOLOGIES", "amount": "N/A", "currency": "CHF"}, "error": "could not convert string to float: 'N/A'"}
{"timestamp": "2026-06-24T09:56:52.294864", "action": "ingestion_error", "row": {"date": "2026-06-30", "raw_description": "", "amount": "", "currency": "CHF"}, "error": "could not convert string to float: ''"}
{"timestamp": "2026-06-24T09:58:34.199777", "action": "ingestion_error", "row": {"date": "2026-01-09", "raw_description": "SLACK TECHNOLOGIES", "amount": "N/A", "currency": "CHF"}, "error": "could not convert string to float: 'N/A'"}
{"timestamp": "2026-06-24T09:58:34.204047", "action": "ingestion_error", "row": {"date": "2026-06-23", "raw_description": "SLACK TECHNOLOGIES", "amount": "N/A", "currency": "CHF"}, "error": "could not convert string to float: 'N/A'"}
{"timestamp": "2026-06-24T09:58:34.205796", "action": "ingestion_error", "row": {"date": "2026-06-30", "raw_description": "", "amount": "", "currency": "CHF"}, "error": "could not convert string to float: ''"}
{"timestamp": "2026-06-24T10:00:43.563063", "action": "ingestion_error", "row": {"date": "2026-01-09", "raw_description": "SLACK TECHNOLOGIES", "amount": "N/A", "currency": "CHF"}, "error": "could not convert string to float: 'N/A'"}
{"timestamp": "2026-06-24T10:00:43.566535", "action": "ingestion_error", "row": {"date": "2026-06-23", "raw_description": "SLACK TECHNOLOGIES", "amount": "N/A", "currency": "CHF"}, "error": "could not convert string to float: 'N/A'"}
{"timestamp": "2026-06-24T10:00:43.568059", "action": "ingestion_error", "row": {"date": "2026-06-30", "raw_description": "", "amount": "", "currency": "CHF"}, "error": "could not convert string to float: ''"}
{"timestamp": "2026-06-24T10:17:11.380261", "action": "ingestion_error", "row": {"date": "2026-01-09", "raw_description": "SLACK TECHNOLOGIES", "amount": "N/A", "currency": "CHF"}, "error": "could not convert string to float: 'N/A'"}
{"timestamp": "2026-06-24T10:17:11.384484", "action": "ingestion_error", "row": {"date": "2026-06-23", "raw_description": "SLACK TECHNOLOGIES", "amount": "N/A", "currency": "CHF"}, "error": "could not convert string to float: 'N/A'"}
{"timestamp": "2026-06-24T10:17:11.387423", "action": "ingestion_error", "row": {"date": "2026-06-30", "raw_description": "", "amount": "", "currency": "CHF"}, "error": "could not convert string to float: ''"}
{"timestamp": "2026-06-24T10:17:33.844668", "action": "ingestion_error", "row": {"date": "2026-01-09", "raw_description": "SLACK TECHNOLOGIES", "amount": "N/A", "currency": "CHF"}, "error": "could not convert string to float: 'N/A'"}
{"timestamp": "2026-06-24T10:17:39.033875", "action": "ingestion_error", "row": {"date": "2026-01-09", "raw_description": "SLACK TECHNOLOGIES", "amount": "N/A", "currency": "CHF"}, "error": "could not convert string to float: 'N/A'"}
{"timestamp": "2026-06-24T10:37:54.868713", "action": "ingestion_error", "row": {"date": "2026-01-09", "raw_description": "SLACK TECHNOLOGIES", "amount": "N/A", "currency": "CHF"}, "error": "could not convert string to float: 'N/A'"}
{"timestamp": "2026-06-24T10:38:10.882421", "action": "ingestion_error", "row": {"date": "2026-01-09", "raw_description": "SLACK TECHNOLOGIES", "amount": "N/A", "currency": "CHF"}, "error": "could not convert string to float: 'N/A'"}
{"timestamp": "2026-06-24T10:38:50.850204", "action": "ingestion_error", "row": {"date": "2026-01-09", "raw_description": "SLACK TECHNOLOGIES", "amount": "N/A", "currency": "CHF"}, "error": "could not convert string to float: 'N/A'"}
{"timestamp": "2026-06-24T10:38:50.852123", "action": "ingestion_error", "row": {"date": "2026-06-23", "raw_description": "SLACK TECHNOLOGIES", "amount": "N/A", "currency": "CHF"}, "error": "could not convert string to float: 'N/A'"}
{"timestamp": "2026-06-24T10:38:50.853256", "action": "ingestion_error", "row": {"date": "2026-06-30", "raw_description": "", "amount": "", "currency": "CHF"}, "error": "could not convert string to float: ''"}
{"timestamp": "2026-06-24T10:39:23.990212", "action": "ingestion_error", "row": {"date": "2026-01-09", "raw_description": "SLACK TECHNOLOGIES", "amount": "N/A", "currency": "CHF"}, "error": "could not convert string to float: 'N/A'"}
{"timestamp": "2026-06-24T10:49:46.796298", "action": "ingestion_error", "row": {"date": "2026-01-09", "raw_description": "SLACK TECHNOLOGIES", "amount": "N/A", "currency": "CHF"}, "error": "could not convert string to float: 'N/A'"}
{"timestamp": "2026-06-24T10:50:09.813514", "action": "ingestion_error", "row": {"date": "2026-01-09", "raw_description": "SLACK TECHNOLOGIES", "amount": "N/A", "currency": "CHF"}, "error": "could not convert string to float: 'N/A'"}
{"timestamp": "2026-06-24T10:50:09.818057", "action": "ingestion_error", "row": {"date": "2026-06-23", "raw_description": "SLACK TECHNOLOGIES", "amount": "N/A", "currency": "CHF"}, "error": "could not convert string to float: 'N/A'"}
{"timestamp": "2026-06-24T10:50:09.823232", "action": "ingestion_error", "row": {"date": "2026-06-30", "raw_description": "", "amount": "", "currency": "CHF"}, "error": "could not convert string to float: ''"}
{"timestamp": "2026-06-24T10:50:21.685487", "action": "ingestion_error", "row": {"date": "2026-01-09", "raw_description": "SLACK TECHNOLOGIES", "amount": "N/A", "currency": "CHF"}, "error": "could not convert string to float: 'N/A'"}
{"timestamp": "2026-06-24T10:50:21.688462", "action": "ingestion_error", "row": {"date": "2026-06-23", "raw_description": "SLACK TECHNOLOGIES", "amount": "N/A", "currency": "CHF"}, "error": "could not convert string to float: 'N/A'"}
{"timestamp": "2026-06-24T10:50:21.689428", "action": "ingestion_error", "row": {"date": "2026-06-30", "raw_description": "", "amount": "", "currency": "CHF"}, "error": "could not convert string to float: ''"}
{"timestamp": "2026-06-24T10:50:59.839568", "action": "ingestion_error", "row": {"date": "2026-01-09", "raw_description": "SLACK TECHNOLOGIES", "amount": "N/A", "currency": "CHF"}, "error": "could not convert string to float: 'N/A'"}
{"timestamp": "2026-06-24T10:50:59.841337", "action": "ingestion_error", "row": {"date": "2026-06-23", "raw_description": "SLACK TECHNOLOGIES", "amount": "N/A", "currency": "CHF"}, "error": "could not convert string to float: 'N/A'"}
{"timestamp": "2026-06-24T10:50:59.841964", "action": "ingestion_error", "row": {"date": "2026-06-30", "raw_description": "", "amount": "", "currency": "CHF"}, "error": "could not convert string to float: ''"}
{"timestamp": "2026-06-24T10:51:58.503292", "action": "ingestion_error", "row": {"date": "2026-01-09", "raw_description": "SLACK TECHNOLOGIES", "amount": "N/A", "currency": "CHF"}, "error": "could not convert string to float: 'N/A'"}
{"timestamp": "2026-06-24T10:52:11.203778", "action": "ingestion_error", "row": {"date": "2026-01-09", "raw_description": "SLACK TECHNOLOGIES", "amount": "N/A", "currency": "CHF"}, "error": "could not convert string to float: 'N/A'"}
{"timestamp": "2026-06-24T10:52:21.110334", "action": "ingestion_error", "row": {"date": "2026-01-09", "raw_description": "SLACK TECHNOLOGIES", "amount": "N/A", "currency": "CHF"}, "error": "could not convert string to float: 'N/A'"}
{"timestamp": "2026-06-24T10:52:21.113425", "action": "ingestion_error", "row": {"date": "2026-06-23", "raw_description": "SLACK TECHNOLOGIES", "amount": "N/A", "currency": "CHF"}, "error": "could not convert string to float: 'N/A'"}
{"timestamp": "2026-06-24T10:52:21.114895", "action": "ingestion_error", "row": {"date": "2026-06-30", "raw_description": "", "amount": "", "currency": "CHF"}, "error": "could not convert string to float: ''"}
{"timestamp": "2026-06-24T10:53:13.944659", "action": "ingestion_error", "row": {"date": "2026-01-09", "raw_description": "SLACK TECHNOLOGIES", "amount": "N/A", "currency": "CHF"}, "error": "could not convert string to float: 'N/A'"}
{"timestamp": "2026-06-24T11:01:15.789201", "action": "ingestion_error", "row": {"date": "2026-01-09", "raw_description": "SLACK TECHNOLOGIES", "amount": "N/A", "currency": "CHF"}, "error": "could not convert string to float: 'N/A'"}
{"timestamp": "2026-06-24T11:01:15.792676", "action": "ingestion_error", "row": {"date": "2026-06-23", "raw_description": "SLACK TECHNOLOGIES", "amount": "N/A", "currency": "CHF"}, "error": "could not convert string to float: 'N/A'"}
{"timestamp": "2026-06-24T11:01:15.794050", "action": "ingestion_error", "row": {"date": "2026-06-30", "raw_description": "", "amount": "", "currency": "CHF"}, "error": "could not convert string to float: ''"}
{"timestamp": "2026-06-24T11:02:23.446944", "action": "ingestion_error", "row": {"date": "2026-01-09", "raw_description": "SLACK TECHNOLOGIES", "amount": "N/A", "currency": "CHF"}, "error": "could not convert string to float: 'N/A'"}
{"timestamp": "2026-06-24T11:06:25.625501", "action": "ingestion_error", "row": {"date": "2026-01-09", "raw_description": "SLACK TECHNOLOGIES", "amount": "N/A", "currency": "CHF"}, "error": "could not convert string to float: 'N/A'"}
{"timestamp": "2026-06-24T11:06:25.631364", "action": "ingestion_error", "row": {"date": "2026-06-23", "raw_description": "SLACK TECHNOLOGIES", "amount": "N/A", "currency": "CHF"}, "error": "could not convert string to float: 'N/A'"}
{"timestamp": "2026-06-24T11:06:25.633295", "action": "ingestion_error", "row": {"date": "2026-06-30", "raw_description": "", "amount": "", "currency": "CHF"}, "error": "could not convert string to float: ''"}
{"timestamp": "2026-06-24T11:07:15.874817", "action": "ingestion_error", "row": {"date": "2026-01-09", "raw_description": "SLACK TECHNOLOGIES", "amount": "N/A", "currency": "CHF"}, "error": "could not convert string to float: 'N/A'"}
{"timestamp": "2026-06-24T11:10:53.344788", "action": "ingestion_error", "row": {"date": "2026-01-09", "raw_description": "SLACK TECHNOLOGIES", "amount": "N/A", "currency": "CHF"}, "error": "could not convert string to float: 'N/A'"}
{"timestamp": "2026-06-24T11:10:53.348400", "action": "ingestion_error", "row": {"date": "2026-06-23", "raw_description": "SLACK TECHNOLOGIES", "amount": "N/A", "currency": "CHF"}, "error": "could not convert string to float: 'N/A'"}
{"timestamp": "2026-06-24T11:10:53.349127", "action": "ingestion_error", "row": {"date": "2026-06-30", "raw_description": "", "amount": "", "currency": "CHF"}, "error": "could not convert string to float: ''"}
{"timestamp": "2026-06-24T11:20:11.508205", "action": "ingestion_error", "row": {"date": "2026-01-09", "raw_description": "SLACK TECHNOLOGIES", "amount": "N/A", "currency": "CHF"}, "error": "could not convert string to float: 'N/A'"}
{"timestamp": "2026-06-24T11:20:17.960542", "action": "ingestion_error", "row": {"date": "2026-01-09", "raw_description": "SLACK TECHNOLOGIES", "amount": "N/A", "currency": "CHF"}, "error": "could not convert string to float: 'N/A'"}
{"timestamp": "2026-06-24T11:20:28.142065", "action": "ingestion_error", "row": {"date": "2026-01-09", "raw_description": "SLACK TECHNOLOGIES", "amount": "N/A", "currency": "CHF"}, "error": "could not convert string to float: 'N/A'"}
{"timestamp": "2026-06-24T11:20:28.150616", "action": "ingestion_error", "row": {"date": "2026-06-23", "raw_description": "SLACK TECHNOLOGIES", "amount": "N/A", "currency": "CHF"}, "error": "could not convert string to float: 'N/A'"}
{"timestamp": "2026-06-24T11:20:28.152152", "action": "ingestion_error", "row": {"date": "2026-06-30", "raw_description": "", "amount": "", "currency": "CHF"}, "error": "could not convert string to float: ''"}
{"timestamp": "2026-06-24T11:21:22.149123", "action": "ingestion_error", "row": {"date": "2026-01-09", "raw_description": "SLACK TECHNOLOGIES", "amount": "N/A", "currency": "CHF"}, "error": "could not convert string to float: 'N/A'"}
{"timestamp": "2026-06-24T11:21:39.342754", "action": "ingestion_error", "row": {"date": "2026-01-09", "raw_description": "SLACK TECHNOLOGIES", "amount": "N/A", "currency": "CHF"}, "error": "could not convert string to float: 'N/A'"}
{"timestamp": "2026-06-24T11:21:39.345948", "action": "ingestion_error", "row": {"date": "2026-06-23", "raw_description": "SLACK TECHNOLOGIES", "amount": "N/A", "currency": "CHF"}, "error": "could not convert string to float: 'N/A'"}
{"timestamp": "2026-06-24T11:21:39.348078", "action": "ingestion_error", "row": {"date": "2026-06-30", "raw_description": "", "amount": "", "currency": "CHF"}, "error": "could not convert string to float: ''"}
{"timestamp": "2026-06-24T11:23:43.810353", "action": "ingestion_error", "row": {"date": "2026-01-09", "raw_description": "SLACK TECHNOLOGIES", "amount": "N/A", "currency": "CHF"}, "error": "could not convert string to float: 'N/A'"}
{"timestamp": "2026-06-24T11:26:21.016706", "action": "ingestion_error", "row": {"date": "2026-01-09", "raw_description": "SLACK TECHNOLOGIES", "amount": "N/A", "currency": "CHF"}, "error": "could not convert string to float: 'N/A'"}
{"timestamp": "2026-06-24T11:26:30.139913", "action": "ingestion_error", "row": {"date": "2026-01-09", "raw_description": "SLACK TECHNOLOGIES", "amount": "N/A", "currency": "CHF"}, "error": "could not convert string to float: 'N/A'"}
{"timestamp": "2026-06-24T11:26:30.143827", "action": "ingestion_error", "row": {"date": "2026-06-23", "raw_description": "SLACK TECHNOLOGIES", "amount": "N/A", "currency": "CHF"}, "error": "could not convert string to float: 'N/A'"}
{"timestamp": "2026-06-24T11:26:30.145243", "action": "ingestion_error", "row": {"date": "2026-06-30", "raw_description": "", "amount": "", "currency": "CHF"}, "error": "could not convert string to float: ''"}
{"timestamp": "2026-06-24T11:27:08.820261", "action": "ingestion_error", "row": {"date": "2026-01-09", "raw_description": "SLACK TECHNOLOGIES", "amount": "N/A", "currency": "CHF"}, "error": "could not convert string to float: 'N/A'"}
{"timestamp": "2026-06-24T11:29:13.054766", "action": "ingestion_error", "row": {"date": "2026-01-09", "raw_description": "SLACK TECHNOLOGIES", "amount": "N/A", "currency": "CHF"}, "error": "could not convert string to float: 'N/A'"}
{"timestamp": "2026-06-24T11:29:13.056354", "action": "ingestion_error", "row": {"date": "2026-06-23", "raw_description": "SLACK TECHNOLOGIES", "amount": "N/A", "currency": "CHF"}, "error": "could not convert string to float: 'N/A'"}
{"timestamp": "2026-06-24T11:29:13.057002", "action": "ingestion_error", "row": {"date": "2026-06-30", "raw_description": "", "amount": "", "currency": "CHF"}, "error": "could not convert string to float: ''"}
{"timestamp": "2026-06-24T11:30:01.303581", "action": "ingestion_error", "row": {"date": "2026-01-09", "raw_description": "SLACK TECHNOLOGIES", "amount": "N/A", "currency": "CHF"}, "error": "could not convert string to float: 'N/A'"}
{"timestamp": "2026-06-24T11:30:07.768881", "action": "ingestion_error", "row": {"date": "2026-01-09", "raw_description": "SLACK TECHNOLOGIES", "amount": "N/A", "currency": "CHF"}, "error": "could not convert string to float: 'N/A'"}
{"timestamp": "2026-06-24T11:30:23.004623", "action": "ingestion_error", "row": {"date": "2026-01-09", "raw_description": "SLACK TECHNOLOGIES", "amount": "N/A", "currency": "CHF"}, "error": "could not convert string to float: 'N/A'"}
{"timestamp": "2026-06-24T11:33:59.540042", "action": "ingestion_error", "row": {"date": "2026-01-09", "raw_description": "SLACK TECHNOLOGIES", "amount": "N/A", "currency": "CHF"}, "error": "could not convert string to float: 'N/A'"}
{"timestamp": "2026-06-24T11:33:59.547022", "action": "ingestion_error", "row": {"date": "2026-06-23", "raw_description": "SLACK TECHNOLOGIES", "amount": "N/A", "currency": "CHF"}, "error": "could not convert string to float: 'N/A'"}
{"timestamp": "2026-06-24T11:33:59.550331", "action": "ingestion_error", "row": {"date": "2026-06-30", "raw_description": "", "amount": "", "currency": "CHF"}, "error": "could not convert string to float: ''"}
{"timestamp": "2026-06-24T11:34:42.048492", "action": "ingestion_error", "row": {"date": "2026-01-09", "raw_description": "SLACK TECHNOLOGIES", "amount": "N/A", "currency": "CHF"}, "error": "could not convert string to float: 'N/A'"}
{"timestamp": "2026-06-24T11:34:51.660056", "action": "ingestion_error", "row": {"date": "2026-01-09", "raw_description": "SLACK TECHNOLOGIES", "amount": "N/A", "currency": "CHF"}, "error": "could not convert string to float: 'N/A'"}
{"timestamp": "2026-06-24T11:34:51.665403", "action": "ingestion_error", "row": {"date": "2026-06-23", "raw_description": "SLACK TECHNOLOGIES", "amount": "N/A", "currency": "CHF"}, "error": "could not convert string to float: 'N/A'"}
{"timestamp": "2026-06-24T11:34:51.666642", "action": "ingestion_error", "row": {"date": "2026-06-30", "raw_description": "", "amount": "", "currency": "CHF"}, "error": "could not convert string to float: ''"}
{"timestamp": "2026-06-24T11:35:16.296457", "action": "ingestion_error", "row": {"date": "2026-01-09", "raw_description": "SLACK TECHNOLOGIES", "amount": "N/A", "currency": "CHF"}, "error": "could not convert string to float: 'N/A'"}
{"timestamp": "2026-06-24T11:35:16.301884", "action": "ingestion_error", "row": {"date": "2026-06-23", "raw_description": "SLACK TECHNOLOGIES", "amount": "N/A", "currency": "CHF"}, "error": "could not convert string to float: 'N/A'"}
{"timestamp": "2026-06-24T11:35:16.303548", "action": "ingestion_error", "row": {"date": "2026-06-30", "raw_description": "", "amount": "", "currency": "CHF"}, "error": "could not convert string to float: ''"}
{"timestamp": "2026-06-24T11:38:06.334026", "action": "ingestion_error", "row": {"date": "2026-01-09", "raw_description": "SLACK TECHNOLOGIES", "amount": "N/A", "currency": "CHF"}, "error": "could not convert string to float: 'N/A'"}
{"timestamp": "2026-06-24T11:38:06.337613", "action": "ingestion_error", "row": {"date": "2026-06-23", "raw_description": "SLACK TECHNOLOGIES", "amount": "N/A", "currency": "CHF"}, "error": "could not convert string to float: 'N/A'"}
{"timestamp": "2026-06-24T11:38:06.338873", "action": "ingestion_error", "row": {"date": "2026-06-30", "raw_description": "", "amount": "", "currency": "CHF"}, "error": "could not convert string to float: ''"}
{"timestamp": "2026-06-24T11:38:53.435303", "action": "ingestion_error", "row": {"date": "2026-01-09", "raw_description": "SLACK TECHNOLOGIES", "amount": "N/A", "currency": "CHF"}, "error": "could not convert string to float: 'N/A'"}
{"timestamp": "2026-06-24T11:39:03.045145", "action": "ingestion_error", "row": {"date": "2026-01-09", "raw_description": "SLACK TECHNOLOGIES", "amount": "N/A", "currency": "CHF"}, "error": "could not convert string to float: 'N/A'"}
{"timestamp": "2026-06-24T11:39:03.050260", "action": "ingestion_error", "row": {"date": "2026-06-23", "raw_description": "SLACK TECHNOLOGIES", "amount": "N/A", "currency": "CHF"}, "error": "could not convert string to float: 'N/A'"}
{"timestamp": "2026-06-24T11:39:03.053348", "action": "ingestion_error", "row": {"date": "2026-06-30", "raw_description": "", "amount": "", "currency": "CHF"}, "error": "could not convert string to float: ''"}
{"timestamp": "2026-06-24T11:41:14.592081", "action": "ingestion_error", "row": {"date": "2026-01-09", "raw_description": "SLACK TECHNOLOGIES", "amount": "N/A", "currency": "CHF"}, "error": "could not convert string to float: 'N/A'"}
{"timestamp": "2026-06-24T11:41:14.598346", "action": "ingestion_error", "row": {"date": "2026-06-23", "raw_description": "SLACK TECHNOLOGIES", "amount": "N/A", "currency": "CHF"}, "error": "could not convert string to float: 'N/A'"}
{"timestamp": "2026-06-24T11:41:14.605022", "action": "ingestion_error", "row": {"date": "2026-06-30", "raw_description": "", "amount": "", "currency": "CHF"}, "error": "could not convert string to float: ''"}
{"timestamp": "2026-06-24T11:44:15.390627", "action": "ingestion_error", "row": {"date": "2026-01-09", "raw_description": "SLACK TECHNOLOGIES", "amount": "N/A", "currency": "CHF"}, "error": "could not convert string to float: 'N/A'"}
{"timestamp": "2026-06-24T11:44:24.537817", "action": "ingestion_error", "row": {"date": "2026-01-09", "raw_description": "SLACK TECHNOLOGIES", "amount": "N/A", "currency": "CHF"}, "error": "could not convert string to float: 'N/A'"}
{"timestamp": "2026-06-24T11:44:24.543047", "action": "ingestion_error", "row": {"date": "2026-06-23", "raw_description": "SLACK TECHNOLOGIES", "amount": "N/A", "currency": "CHF"}, "error": "could not convert string to float: 'N/A'"}
{"timestamp": "2026-06-24T11:44:24.544987", "action": "ingestion_error", "row": {"date": "2026-06-30", "raw_description": "", "amount": "", "currency": "CHF"}, "error": "could not convert string to float: ''"}
{"timestamp": "2026-06-24T11:48:02.657155", "action": "ingestion_error", "row": {"date": "2026-01-09", "raw_description": "SLACK TECHNOLOGIES", "amount": "N/A", "currency": "CHF"}, "error": "could not convert string to float: 'N/A'"}
{"timestamp": "2026-06-24T11:48:02.664451", "action": "ingestion_error", "row": {"date": "2026-06-23", "raw_description": "SLACK TECHNOLOGIES", "amount": "N/A", "currency": "CHF"}, "error": "could not convert string to float: 'N/A'"}
{"timestamp": "2026-06-24T11:48:02.667291", "action": "ingestion_error", "row": {"date": "2026-06-30", "raw_description": "", "amount": "", "currency": "CHF"}, "error": "could not convert string to float: ''"}
{"timestamp": "2026-06-24T11:49:20.578040", "action": "ingestion_error", "row": {"date": "2026-01-09", "raw_description": "SLACK TECHNOLOGIES", "amount": "N/A", "currency": "CHF"}, "error": "could not convert string to float: 'N/A'"}
{"timestamp": "2026-06-24T11:49:20.582327", "action": "ingestion_error", "row": {"date": "2026-06-23", "raw_description": "SLACK TECHNOLOGIES", "amount": "N/A", "currency": "CHF"}, "error": "could not convert string to float: 'N/A'"}
{"timestamp": "2026-06-24T11:49:20.585161", "action": "ingestion_error", "row": {"date": "2026-06-30", "raw_description": "", "amount": "", "currency": "CHF"}, "error": "could not convert string to float: ''"}
{"timestamp": "2026-06-24T12:00:35.941448", "action": "ingestion_error", "row": {"date": "2026-01-09", "raw_description": "SLACK TECHNOLOGIES", "amount": "N/A", "currency": "CHF"}, "error": "could not convert string to float: 'N/A'"}
{"timestamp": "2026-06-24T12:00:35.945668", "action": "ingestion_error", "row": {"date": "2026-06-23", "raw_description": "SLACK TECHNOLOGIES", "amount": "N/A", "currency": "CHF"}, "error": "could not convert string to float: 'N/A'"}
{"timestamp": "2026-06-24T12:00:35.947769", "action": "ingestion_error", "row": {"date": "2026-06-30", "raw_description": "", "amount": "", "currency": "CHF"}, "error": "could not convert string to float: ''"}
{"timestamp": "2026-06-24T12:01:15.436868", "action": "ingestion_error", "row": {"date": "2026-01-09", "raw_description": "SLACK TECHNOLOGIES", "amount": "N/A", "currency": "CHF"}, "error": "could not convert string to float: 'N/A'"}
{"timestamp": "2026-06-24T12:01:15.440577", "action": "ingestion_error", "row": {"date": "2026-06-23", "raw_description": "SLACK TECHNOLOGIES", "amount": "N/A", "currency": "CHF"}, "error": "could not convert string to float: 'N/A'"}
{"timestamp": "2026-06-24T12:01:15.442526", "action": "ingestion_error", "row": {"date": "2026-06-30", "raw_description": "", "amount": "", "currency": "CHF"}, "error": "could not convert string to float: ''"}
{"timestamp": "2026-06-24T12:01:47.951936", "action": "ingestion_error", "row": {"date": "2026-01-09", "raw_description": "SLACK TECHNOLOGIES", "amount": "N/A", "currency": "CHF"}, "error": "could not convert string to float: 'N/A'"}
{"timestamp": "2026-06-24T12:01:52.103850", "action": "ingestion_error", "row": {"date": "2026-01-09", "raw_description": "SLACK TECHNOLOGIES", "amount": "N/A", "currency": "CHF"}, "error": "could not convert string to float: 'N/A'"}
{"timestamp": "2026-06-24T12:02:26.099188", "action": "ingestion_error", "row": {"date": "2026-01-09", "raw_description": "SLACK TECHNOLOGIES", "amount": "N/A", "currency": "CHF"}, "error": "could not convert string to float: 'N/A'"}
{"timestamp": "2026-06-24T12:02:26.100600", "action": "ingestion_error", "row": {"date": "2026-06-23", "raw_description": "SLACK TECHNOLOGIES", "amount": "N/A", "currency": "CHF"}, "error": "could not convert string to float: 'N/A'"}
{"timestamp": "2026-06-24T12:02:26.101197", "action": "ingestion_error", "row": {"date": "2026-06-30", "raw_description": "", "amount": "", "currency": "CHF"}, "error": "could not convert string to float: ''"}
{"timestamp": "2026-06-24T12:02:51.926392", "action": "ingestion_error", "row": {"date": "2026-01-09", "raw_description": "SLACK TECHNOLOGIES", "amount": "N/A", "currency": "CHF"}, "error": "could not convert string to float: 'N/A'"}
{"timestamp": "2026-06-24T12:04:33.723195", "action": "ingestion_error", "row": {"date": "2026-01-09", "raw_description": "SLACK TECHNOLOGIES", "amount": "N/A", "currency": "CHF"}, "error": "could not convert string to float: 'N/A'"}
{"timestamp": "2026-06-24T12:06:37.029334", "action": "ingestion_error", "row": {"date": "2026-01-09", "raw_description": "SLACK TECHNOLOGIES", "amount": "N/A", "currency": "CHF"}, "error": "could not convert string to float: 'N/A'"}
{"timestamp": "2026-06-24T12:07:16.528067", "action": "ingestion_error", "row": {"date": "2026-01-09", "raw_description": "SLACK TECHNOLOGIES", "amount": "N/A", "currency": "CHF"}, "error": "could not convert string to float: 'N/A'"}
{"timestamp": "2026-06-24T12:08:57.489373", "action": "ingestion_error", "row": {"date": "2026-01-09", "raw_description": "SLACK TECHNOLOGIES", "amount": "N/A", "currency": "CHF"}, "error": "could not convert string to float: 'N/A'"}
{"timestamp": "2026-06-24T12:09:46.898018", "action": "ingestion_error", "row": {"date": "2026-01-09", "raw_description": "SLACK TECHNOLOGIES", "amount": "N/A", "currency": "CHF"}, "error": "could not convert string to float: 'N/A'"}
{"timestamp": "2026-06-24T12:09:54.890022", "action": "ingestion_error", "row": {"date": "2026-01-09", "raw_description": "SLACK TECHNOLOGIES", "amount": "N/A", "currency": "CHF"}, "error": "could not convert string to float: 'N/A'"}
{"timestamp": "2026-06-24T12:09:54.894035", "action": "ingestion_error", "row": {"date": "2026-06-23", "raw_description": "SLACK TECHNOLOGIES", "amount": "N/A", "currency": "CHF"}, "error": "could not convert string to float: 'N/A'"}
{"timestamp": "2026-06-24T12:09:54.895718", "action": "ingestion_error", "row": {"date": "2026-06-30", "raw_description": "", "amount": "", "currency": "CHF"}, "error": "could not convert string to float: ''"}
{"timestamp": "2026-06-24T12:14:29.149914", "action": "ingestion_error", "row": {"date": "2026-01-09", "raw_description": "SLACK TECHNOLOGIES", "amount": "N/A", "currency": "CHF"}, "error": "could not convert string to float: 'N/A'"}
{"timestamp": "2026-06-24T12:19:05.003335", "action": "ingestion_error", "row": {"date": "2026-01-09", "raw_description": "SLACK TECHNOLOGIES", "amount": "N/A", "currency": "CHF"}, "error": "could not convert string to float: 'N/A'"}
{"timestamp": "2026-06-24T12:42:56.031360", "action": "ingestion_error", "row": {"date": "2026-01-09", "raw_description": "SLACK TECHNOLOGIES", "amount": "N/A", "currency": "CHF"}, "error": "could not convert string to float: 'N/A'"}
{"timestamp": "2026-06-24T12:43:38.112181", "action": "ingestion_error", "row": {"date": "2026-01-09", "raw_description": "SLACK TECHNOLOGIES", "amount": "N/A", "currency": "CHF"}, "error": "could not convert string to float: 'N/A'"}
{"timestamp": "2026-06-24T12:43:47.638556", "action": "ingestion_error", "row": {"date": "2026-01-09", "raw_description": "SLACK TECHNOLOGIES", "amount": "N/A", "currency": "CHF"}, "error": "could not convert string to float: 'N/A'"}
{"timestamp": "2026-06-24T12:43:47.643795", "action": "ingestion_error", "row": {"date": "2026-06-23", "raw_description": "SLACK TECHNOLOGIES", "amount": "N/A", "currency": "CHF"}, "error": "could not convert string to float: 'N/A'"}
{"timestamp": "2026-06-24T12:43:47.645333", "action": "ingestion_error", "row": {"date": "2026-06-30", "raw_description": "", "amount": "", "currency": "CHF"}, "error": "could not convert string to float: ''"}
{"timestamp": "2026-06-24T12:45:54.999883", "action": "ingestion_error", "row": {"date": "2026-01-09", "raw_description": "SLACK TECHNOLOGIES", "amount": "N/A", "currency": "CHF"}, "error": "could not convert string to float: 'N/A'"}
{"timestamp": "2026-06-24T12:49:14.256473", "action": "ingestion_error", "row": {"date": "2026-01-09", "raw_description": "SLACK TECHNOLOGIES", "amount": "N/A", "currency": "CHF"}, "error": "could not convert string to float: 'N/A'"}
{"timestamp": "2026-06-24T12:49:49.213398", "action": "ingestion_error", "row": {"date": "2026-01-09", "raw_description": "SLACK TECHNOLOGIES", "amount": "N/A", "currency": "CHF"}, "error": "could not convert string to float: 'N/A'"}
{"timestamp": "2026-06-24T12:50:36.365584", "action": "ingestion_error", "row": {"date": "2026-01-09", "raw_description": "SLACK TECHNOLOGIES", "amount": "N/A", "currency": "CHF"}, "error": "could not convert string to float: 'N/A'"}
{"timestamp": "2026-06-24T12:50:36.370629", "action": "ingestion_error", "row": {"date": "2026-06-23", "raw_description": "SLACK TECHNOLOGIES", "amount": "N/A", "currency": "CHF"}, "error": "could not convert string to float: 'N/A'"}
{"timestamp": "2026-06-24T12:50:36.372198", "action": "ingestion_error", "row": {"date": "2026-06-30", "raw_description": "", "amount": "", "currency": "CHF"}, "error": "could not convert string to float: ''"}
{"timestamp": "2026-06-24T12:51:02.090824", "action": "ingestion_error", "row": {"date": "2026-01-09", "raw_description": "SLACK TECHNOLOGIES", "amount": "N/A", "currency": "CHF"}, "error": "could not convert string to float: 'N/A'"}
{"timestamp": "2026-06-24T12:52:06.205209", "action": "ingestion_error", "row": {"date": "2026-01-09", "raw_description": "SLACK TECHNOLOGIES", "amount": "N/A", "currency": "CHF"}, "error": "could not convert string to float: 'N/A'"}
{"timestamp": "2026-06-24T12:52:32.885236", "action": "ingestion_error", "row": {"date": "2026-01-09", "raw_description": "SLACK TECHNOLOGIES", "amount": "N/A", "currency": "CHF"}, "error": "could not convert string to float: 'N/A'"}
{"timestamp": "2026-06-24T12:52:48.435118", "action": "ingestion_error", "row": {"date": "2026-01-09", "raw_description": "SLACK TECHNOLOGIES", "amount": "N/A", "currency": "CHF"}, "error": "could not convert string to float: 'N/A'"}
{"timestamp": "2026-06-24T12:52:59.658416", "action": "ingestion_error", "row": {"date": "2026-01-09", "raw_description": "SLACK TECHNOLOGIES", "amount": "N/A", "currency": "CHF"}, "error": "could not convert string to float: 'N/A'"}
{"timestamp": "2026-06-24T12:55:16.115631", "action": "ingestion_error", "row": {"date": "2026-01-09", "raw_description": "SLACK TECHNOLOGIES", "amount": "N/A", "currency": "CHF"}, "error": "could not convert string to float: 'N/A'"}
{"timestamp": "2026-06-24T12:55:26.478837", "action": "ingestion_error", "row": {"date": "2026-01-09", "raw_description": "SLACK TECHNOLOGIES", "amount": "N/A", "currency": "CHF"}, "error": "could not convert string to float: 'N/A'"}
{"timestamp": "2026-06-24T12:55:26.489124", "action": "ingestion_error", "row": {"date": "2026-06-23", "raw_description": "SLACK TECHNOLOGIES", "amount": "N/A", "currency": "CHF"}, "error": "could not convert string to float: 'N/A'"}
{"timestamp": "2026-06-24T12:55:26.492465", "action": "ingestion_error", "row": {"date": "2026-06-30", "raw_description": "", "amount": "", "currency": "CHF"}, "error": "could not convert string to float: ''"}
{"timestamp": "2026-06-24T14:03:10.653473", "action": "ingestion_error", "row": {"date": "2026-01-09", "raw_description": "SLACK TECHNOLOGIES", "amount": "N/A", "currency": "CHF"}, "error": "could not convert string to float: 'N/A'"}
{"timestamp": "2026-06-24T14:03:10.657406", "action": "ingestion_error", "row": {"date": "2026-06-23", "raw_description": "SLACK TECHNOLOGIES", "amount": "N/A", "currency": "CHF"}, "error": "could not convert string to float: 'N/A'"}
{"timestamp": "2026-06-24T14:03:10.659437", "action": "ingestion_error", "row": {"date": "2026-06-30", "raw_description": "", "amount": "", "currency": "CHF"}, "error": "could not convert string to float: ''"}
{"timestamp": "2026-06-24T14:03:36.748501", "action": "ingestion_error", "row": {"date": "2026-01-09", "raw_description": "SLACK TECHNOLOGIES", "amount": "N/A", "currency": "CHF"}, "error": "could not convert string to float: 'N/A'"}
{"timestamp": "2026-06-24T14:03:42.139536", "action": "ingestion_error", "row": {"date": "2026-01-09", "raw_description": "SLACK TECHNOLOGIES", "amount": "N/A", "currency": "CHF"}, "error": "could not convert string to float: 'N/A'"}
{"timestamp": "2026-06-24T14:04:16.650362", "action": "ingestion_error", "row": {"date": "2026-01-09", "raw_description": "SLACK TECHNOLOGIES", "amount": "N/A", "currency": "CHF"}, "error": "could not convert string to float: 'N/A'"}
{"timestamp": "2026-06-24T14:04:16.657653", "action": "ingestion_error", "row": {"date": "2026-06-23", "raw_description": "SLACK TECHNOLOGIES", "amount": "N/A", "currency": "CHF"}, "error": "could not convert string to float: 'N/A'"}
{"timestamp": "2026-06-24T14:04:16.659651", "action": "ingestion_error", "row": {"date": "2026-06-30", "raw_description": "", "amount": "", "currency": "CHF"}, "error": "could not convert string to float: ''"}
{"timestamp": "2026-06-24T14:09:22.984680", "action": "ingestion_error", "row": {"date": "2026-01-09", "raw_description": "SLACK TECHNOLOGIES", "amount": "N/A", "currency": "CHF"}, "error": "could not convert string to float: 'N/A'"}
{"timestamp": "2026-06-24T14:09:34.942202", "action": "ingestion_error", "row": {"date": "2026-01-09", "raw_description": "SLACK TECHNOLOGIES", "amount": "N/A", "currency": "CHF"}, "error": "could not convert string to float: 'N/A'"}
{"timestamp": "2026-06-24T14:09:34.957014", "action": "ingestion_error", "row": {"date": "2026-06-23", "raw_description": "SLACK TECHNOLOGIES", "amount": "N/A", "currency": "CHF"}, "error": "could not convert string to float: 'N/A'"}
{"timestamp": "2026-06-24T14:09:34.968456", "action": "ingestion_error", "row": {"date": "2026-06-30", "raw_description": "", "amount": "", "currency": "CHF"}, "error": "could not convert string to float: ''"}
{"timestamp": "2026-06-24T14:10:38.535360", "action": "ingestion_error", "row": {"date": "2026-01-09", "raw_description": "SLACK TECHNOLOGIES", "amount": "N/A", "currency": "CHF"}, "error": "could not convert string to float: 'N/A'"}
{"timestamp": "2026-06-24T14:27:02.988789", "action": "ingestion_error", "row": {"date": "2026-01-09", "raw_description": "SLACK TECHNOLOGIES", "amount": "N/A", "currency": "CHF"}, "error": "could not convert string to float: 'N/A'"}
{"timestamp": "2026-06-24T14:27:16.426623", "action": "ingestion_error", "row": {"date": "2026-01-09", "raw_description": "SLACK TECHNOLOGIES", "amount": "N/A", "currency": "CHF"}, "error": "could not convert string to float: 'N/A'"}
{"timestamp": "2026-06-24T14:27:16.434051", "action": "ingestion_error", "row": {"date": "2026-06-23", "raw_description": "SLACK TECHNOLOGIES", "amount": "N/A", "currency": "CHF"}, "error": "could not convert string to float: 'N/A'"}
{"timestamp": "2026-06-24T14:27:16.436547", "action": "ingestion_error", "row": {"date": "2026-06-30", "raw_description": "", "amount": "", "currency": "CHF"}, "error": "could not convert string to float: ''"}
{"timestamp": "2026-06-24T14:27:33.576515", "action": "ingestion_error", "row": {"date": "2026-01-09", "raw_description": "SLACK TECHNOLOGIES", "amount": "N/A", "currency": "CHF"}, "error": "could not convert string to float: 'N/A'"}
{"timestamp": "2026-06-24T14:27:33.586842", "action": "ingestion_error", "row": {"date": "2026-06-23", "raw_description": "SLACK TECHNOLOGIES", "amount": "N/A", "currency": "CHF"}, "error": "could not convert string to float: 'N/A'"}
{"timestamp": "2026-06-24T14:27:33.593769", "action": "ingestion_error", "row": {"date": "2026-06-30", "raw_description": "", "amount": "", "currency": "CHF"}, "error": "could not convert string to float: ''"}
{"timestamp": "2026-06-24T14:27:53.950873", "action": "ingestion_error", "row": {"date": "2026-01-09", "raw_description": "SLACK TECHNOLOGIES", "amount": "N/A", "currency": "CHF"}, "error": "could not convert string to float: 'N/A'"}
{"timestamp": "2026-06-24T14:30:22.425347", "action": "ingestion_error", "row": {"date": "2026-01-09", "raw_description": "SLACK TECHNOLOGIES", "amount": "N/A", "currency": "CHF"}, "error": "could not convert string to float: 'N/A'"}
{"timestamp": "2026-06-24T14:30:22.433463", "action": "ingestion_error", "row": {"date": "2026-06-23", "raw_description": "SLACK TECHNOLOGIES", "amount": "N/A", "currency": "CHF"}, "error": "could not convert string to float: 'N/A'"}
{"timestamp": "2026-06-24T14:30:22.435907", "action": "ingestion_error", "row": {"date": "2026-06-30", "raw_description": "", "amount": "", "currency": "CHF"}, "error": "could not convert string to float: ''"}
{"timestamp": "2026-06-24T14:34:53.744823", "action": "ingestion_error", "row": {"date": "2026-01-09", "raw_description": "SLACK TECHNOLOGIES", "amount": "N/A", "currency": "CHF"}, "error": "could not convert string to float: 'N/A'"}
{"timestamp": "2026-06-24T14:34:53.747730", "action": "ingestion_error", "row": {"date": "2026-06-23", "raw_description": "SLACK TECHNOLOGIES", "amount": "N/A", "currency": "CHF"}, "error": "could not convert string to float: 'N/A'"}
{"timestamp": "2026-06-24T14:34:53.749417", "action": "ingestion_error", "row": {"date": "2026-06-30", "raw_description": "", "amount": "", "currency": "CHF"}, "error": "could not convert string to float: ''"}
{"timestamp": "2026-06-24T14:35:35.637666", "action": "ingestion_error", "row": {"date": "2026-01-09", "raw_description": "SLACK TECHNOLOGIES", "amount": "N/A", "currency": "CHF"}, "error": "could not convert string to float: 'N/A'"}
{"timestamp": "2026-06-24T14:35:49.562100", "action": "ingestion_error", "row": {"date": "2026-01-09", "raw_description": "SLACK TECHNOLOGIES", "amount": "N/A", "currency": "CHF"}, "error": "could not convert string to float: 'N/A'"}
{"timestamp": "2026-06-24T14:35:49.566618", "action": "ingestion_error", "row": {"date": "2026-06-23", "raw_description": "SLACK TECHNOLOGIES", "amount": "N/A", "currency": "CHF"}, "error": "could not convert string to float: 'N/A'"}
{"timestamp": "2026-06-24T14:35:49.568057", "action": "ingestion_error", "row": {"date": "2026-06-30", "raw_description": "", "amount": "", "currency": "CHF"}, "error": "could not convert string to float: ''"}
{"timestamp": "2026-06-24T14:36:33.558449", "action": "ingestion_error", "row": {"date": "2026-01-09", "raw_description": "SLACK TECHNOLOGIES", "amount": "N/A", "currency": "CHF"}, "error": "could not convert string to float: 'N/A'"}
{"timestamp": "2026-06-24T14:36:33.569146", "action": "ingestion_error", "row": {"date": "2026-06-23", "raw_description": "SLACK TECHNOLOGIES", "amount": "N/A", "currency": "CHF"}, "error": "could not convert string to float: 'N/A'"}
{"timestamp": "2026-06-24T14:36:33.571569", "action": "ingestion_error", "row": {"date": "2026-06-30", "raw_description": "", "amount": "", "currency": "CHF"}, "error": "could not convert string to float: ''"}
{"timestamp": "2026-06-24T14:41:59.487946", "action": "ingestion_error", "row": {"date": "2026-01-09", "raw_description": "SLACK TECHNOLOGIES", "amount": "N/A", "currency": "CHF"}, "error": "could not convert string to float: 'N/A'"}
{"timestamp": "2026-06-24T14:41:59.494624", "action": "ingestion_error", "row": {"date": "2026-06-23", "raw_description": "SLACK TECHNOLOGIES", "amount": "N/A", "currency": "CHF"}, "error": "could not convert string to float: 'N/A'"}
{"timestamp": "2026-06-24T14:41:59.497199", "action": "ingestion_error", "row": {"date": "2026-06-30", "raw_description": "", "amount": "", "currency": "CHF"}, "error": "could not convert string to float: ''"}
{"timestamp": "2026-06-24T14:42:51.307692", "action": "ingestion_error", "row": {"date": "2026-01-09", "raw_description": "SLACK TECHNOLOGIES", "amount": "N/A", "currency": "CHF"}, "error": "could not convert string to float: 'N/A'"}
{"timestamp": "2026-06-24T14:44:05.050422", "action": "ingestion_error", "row": {"date": "2026-01-09", "raw_description": "SLACK TECHNOLOGIES", "amount": "N/A", "currency": "CHF"}, "error": "could not convert string to float: 'N/A'"}
{"timestamp": "2026-06-24T14:50:40.908469", "action": "ingestion_error", "row": {"date": "2026-01-09", "raw_description": "SLACK TECHNOLOGIES", "amount": "N/A", "currency": "CHF"}, "error": "could not convert string to float: 'N/A'"}
{"timestamp": "2026-06-24T14:50:54.304042", "action": "ingestion_error", "row": {"date": "2026-01-09", "raw_description": "SLACK TECHNOLOGIES", "amount": "N/A", "currency": "CHF"}, "error": "could not convert string to float: 'N/A'"}
{"timestamp": "2026-06-24T14:50:54.316261", "action": "ingestion_error", "row": {"date": "2026-06-23", "raw_description": "SLACK TECHNOLOGIES", "amount": "N/A", "currency": "CHF"}, "error": "could not convert string to float: 'N/A'"}
{"timestamp": "2026-06-24T14:50:54.318599", "action": "ingestion_error", "row": {"date": "2026-06-30", "raw_description": "", "amount": "", "currency": "CHF"}, "error": "could not convert string to float: ''"}
{"timestamp": "2026-06-24T14:51:33.385603", "action": "ingestion_error", "row": {"date": "2026-01-09", "raw_description": "SLACK TECHNOLOGIES", "amount": "N/A", "currency": "CHF"}, "error": "could not convert string to float: 'N/A'"}
{"timestamp": "2026-06-24T14:51:33.392565", "action": "ingestion_error", "row": {"date": "2026-06-23", "raw_description": "SLACK TECHNOLOGIES", "amount": "N/A", "currency": "CHF"}, "error": "could not convert string to float: 'N/A'"}
{"timestamp": "2026-06-24T14:51:33.395117", "action": "ingestion_error", "row": {"date": "2026-06-30", "raw_description": "", "amount": "", "currency": "CHF"}, "error": "could not convert string to float: ''"}
{"timestamp": "2026-06-24T14:53:23.756445", "action": "ingestion_error", "row": {"date": "2026-01-09", "raw_description": "SLACK TECHNOLOGIES", "amount": "N/A", "currency": "CHF"}, "error": "could not convert string to float: 'N/A'"}
{"timestamp": "2026-06-24T15:02:49.902610", "action": "ingestion_error", "row": {"date": "2026-01-09", "raw_description": "SLACK TECHNOLOGIES", "amount": "N/A", "currency": "CHF"}, "error": "could not convert string to float: 'N/A'"}
